-------------------------------------------------------------------------------
Test set: com.api.automation.ParallelBuilderWCucumberReport
-------------------------------------------------------------------------------
Tests run: 1, Failures: 1, Errors: 0, Skipped: 0, Time elapsed: 11.572 s <<< FAILURE! - in com.api.automation.ParallelBuilderWCucumberReport
executeKarateTest  Time elapsed: 11.55 s  <<< FAILURE!
org.opentest4j.AssertionFailedError: We have failed scenarios :( ==> expected: <0> but was: <11>
	at com.api.automation.ParallelBuilderWCucumberReport.executeKarateTest(ParallelBuilderWCucumberReport.java:28)

